librarypullrefresh/build/outputs/logs/manifest-merger-debug-report.txt
-- Merging decision tree log ---
manifest
ADDED from kloudsync\librarypullrefresh\AndroidManifest.xml:2:1-9:12
INJECTED from kloudsync\librarypullrefresh\AndroidManifest.xml:2:1-9:12
INJECTED from kloudsync\librarypullrefresh\AndroidManifest.xml:2:1-9:12
INJECTED from kloudsync\librarypullrefresh\AndroidManifest.xml:2:1-9:12
INJECTED from kloudsync\librarypullrefresh\AndroidManifest.xml:2:1-9:12
INJECTED from kloudsync\librarypullrefresh\AndroidManifest.xml:2:1-9:12
INJECTED from kloudsync\librarypullrefresh\AndroidManifest.xml:2:1-9:12
	package
		ADDED from kloudsync\librarypullrefresh\AndroidManifest.xml:3:5-49
		INJECTED from kloudsync\librarypullrefresh\AndroidManifest.xml
		INJECTED from kloudsync\librarypullrefresh\AndroidManifest.xml
	android:versionName
		ADDED from kloudsync\librarypullrefresh\AndroidManifest.xml:5:5-32
		INJECTED from kloudsync\librarypullrefresh\AndroidManifest.xml
		INJECTED from kloudsync\librarypullrefresh\AndroidManifest.xml
	xmlns:android
		ADDED from kloudsync\librarypullrefresh\AndroidManifest.xml:2:11-69
	android:versionCode
		ADDED from kloudsync\librarypullrefresh\AndroidManifest.xml:4:5-31
		INJECTED from kloudsync\librarypullrefresh\AndroidManifest.xml
		INJECTED from kloudsync\librarypullrefresh\AndroidManifest.xml
application
ADDED from kloudsync\librarypullrefresh\AndroidManifest.xml:7:5-20